mode: set
github.com/Vertinska/my-first-app/main.go:13.13,19.19 4 0
github.com/Vertinska/my-first-app/main.go:19.19,21.6 1 0
github.com/Vertinska/my-first-app/main.go:22.5,37.19 6 0
github.com/Vertinska/my-first-app/main.go:37.19,39.6 1 0
github.com/Vertinska/my-first-app/main.go:40.5,50.36 4 0
github.com/Vertinska/my-first-app/main.go:50.36,52.23 2 0
github.com/Vertinska/my-first-app/main.go:52.23,54.10 1 0
github.com/Vertinska/my-first-app/main.go:54.15,56.10 1 0
github.com/Vertinska/my-first-app/main.go:60.5,62.19 3 0
github.com/Vertinska/my-first-app/main.go:62.19,64.6 1 0
github.com/Vertinska/my-first-app/main.go:65.5,65.30 1 0
github.com/Vertinska/my-first-app/main.go:65.30,67.6 1 0
github.com/Vertinska/my-first-app/main.go:67.11,68.39 1 0
github.com/Vertinska/my-first-app/main.go:68.39,70.10 1 0
github.com/Vertinska/my-first-app/main.go:74.5,76.19 3 0
github.com/Vertinska/my-first-app/main.go:76.19,78.6 1 0
github.com/Vertinska/my-first-app/main.go:79.5,79.28 1 0
github.com/Vertinska/my-first-app/main.go:79.28,81.6 1 0
github.com/Vertinska/my-first-app/main.go:81.11,82.37 1 0
github.com/Vertinska/my-first-app/main.go:82.37,84.10 1 0
github.com/Vertinska/my-first-app/main.go:88.5,90.19 3 0
github.com/Vertinska/my-first-app/main.go:90.19,92.6 1 0
github.com/Vertinska/my-first-app/main.go:92.11,94.6 1 0
github.com/Vertinska/my-first-app/main.go:96.5,96.62 1 0
github.com/Vertinska/my-first-app/sqlite_repository.go:15.67,17.2 1 1
github.com/Vertinska/my-first-app/sqlite_repository.go:19.97,23.29 4 1
github.com/Vertinska/my-first-app/sqlite_repository.go:23.29,25.6 1 1
github.com/Vertinska/my-first-app/sqlite_repository.go:26.5,26.18 1 1
github.com/Vertinska/my-first-app/sqlite_repository.go:29.92,31.19 2 1
github.com/Vertinska/my-first-app/sqlite_repository.go:31.19,33.6 1 1
github.com/Vertinska/my-first-app/sqlite_repository.go:34.5,37.21 3 1
github.com/Vertinska/my-first-app/sqlite_repository.go:37.21,39.80 2 1
github.com/Vertinska/my-first-app/sqlite_repository.go:39.80,41.10 1 0
github.com/Vertinska/my-first-app/sqlite_repository.go:42.9,42.39 1 1
github.com/Vertinska/my-first-app/sqlite_repository.go:44.5,44.32 1 1
github.com/Vertinska/my-first-app/sqlite_repository.go:47.95,52.2 2 1
github.com/Vertinska/my-first-app/sqlite_repository.go:54.114,56.19 2 1
github.com/Vertinska/my-first-app/sqlite_repository.go:56.19,58.6 1 0
github.com/Vertinska/my-first-app/sqlite_repository.go:59.5,62.21 3 1
github.com/Vertinska/my-first-app/sqlite_repository.go:62.21,64.80 2 1
github.com/Vertinska/my-first-app/sqlite_repository.go:64.80,66.10 1 0
github.com/Vertinska/my-first-app/sqlite_repository.go:67.9,67.39 1 1
github.com/Vertinska/my-first-app/sqlite_repository.go:69.5,69.32 1 1
github.com/Vertinska/my-first-app/mocks/repository_mock.go:33.79,37.2 3 0
github.com/Vertinska/my-first-app/mocks/repository_mock.go:40.77,42.2 1 0
github.com/Vertinska/my-first-app/mocks/repository_mock.go:45.119,51.2 5 0
github.com/Vertinska/my-first-app/mocks/repository_mock.go:54.99,57.2 2 0
github.com/Vertinska/my-first-app/mocks/repository_mock.go:60.102,66.2 5 0
github.com/Vertinska/my-first-app/mocks/repository_mock.go:69.83,72.2 2 0
github.com/Vertinska/my-first-app/mocks/repository_mock.go:75.97,81.2 5 0
github.com/Vertinska/my-first-app/mocks/repository_mock.go:84.81,87.2 2 0
github.com/Vertinska/my-first-app/mocks/repository_mock.go:90.100,95.2 4 0
github.com/Vertinska/my-first-app/mocks/repository_mock.go:98.89,101.2 2 0
